  Source.cpp
D:\project\OpenGL_Window\OpenGL_Window\Source.cpp(185,44): warning C4244: =: преобразование "double" в "T", возможна потеря данных
          with
          [
              T=float
          ]
D:\project\OpenGL_Window\OpenGL_Window\Source.cpp(186,44): warning C4244: =: преобразование "double" в "T", возможна потеря данных
          with
          [
              T=float
          ]
D:\project\OpenGL_Window\OpenGL_Window\Source.cpp(191,44): warning C4244: =: преобразование "double" в "T", возможна потеря данных
          with
          [
              T=float
          ]
D:\project\OpenGL_Window\OpenGL_Window\Source.cpp(193,35): warning C4244: =: преобразование "double" в "T", возможна потеря данных
          with
          [
              T=float
          ]
D:\project\OpenGL_Window\OpenGL_Window\Source.cpp(194,35): warning C4244: =: преобразование "double" в "T", возможна потеря данных
          with
          [
              T=float
          ]
  OpenGL_Window.vcxproj -> D:\project\OpenGL_Window\x64\Debug\OpenGL_Window.exe
